{"level":"info","message":"Server is running on http://localhost:3000"}
{"level":"info","message":"Connected to MongoDB"}
{"level":"info","message":"Home page served"}
{"level":"info","message":"Server is running on http://localhost:3000"}
{"level":"info","message":"Connected to MongoDB"}
{"level":"info","message":"Home page served"}
{"level":"info","message":"Server is running on http://localhost:3000"}
{"level":"info","message":"Connected to MongoDB"}
{"level":"info","message":"Home page served"}
{"level":"info","message":"Server is running on http://localhost:3000"}
{"level":"info","message":"Connected to MongoDB"}
{"level":"info","message":"Home page served"}
{"level":"info","message":"Home page served"}
{"level":"info","message":"Server is running on http://localhost:3000"}
{"level":"info","message":"Connected to MongoDB"}
{"level":"info","message":"Home page served"}
{"level":"info","message":"Server is running on http://localhost:3000"}
{"level":"info","message":"Connected to MongoDB"}
{"level":"info","message":"User signup requested with username: Ayush"}
{"level":"info","message":"User registered successfully"}
{"level":"info","message":"User signup requested with username: ayusssh"}
{"level":"info","message":"User registered successfully"}
{"level":"info","message":"User login requested with username: ayusssh"}
{"level":"info","message":"User logged in successfully"}
{"level":"info","message":"Server is running on http://localhost:3000"}
{"level":"info","message":"Connected to MongoDB"}
{"level":"info","message":"Server is running on http://localhost:3000"}
{"level":"info","message":"Connected to MongoDB"}
{"level":"info","message":"Server is running on http://localhost:3000"}
{"level":"info","message":"Connected to MongoDB"}
{"level":"info","message":"Server is running on http://localhost:3000"}
{"level":"info","message":"Connected to MongoDB"}
{"level":"info","message":"Server is running on http://localhost:3000"}
{"level":"info","message":"Connected to MongoDB"}
{"level":"info","message":"Server is running on http://localhost:3000"}
{"level":"info","message":"Connected to MongoDB"}
{"level":"info","message":"User signup requested with username: Ayush"}
{"level":"info","message":"User registered successfully"}
